/home/gazzolapi/ros2_ws/install/miv_cluster/lib/python3.10/site-packages/miv_cluster/run_node.py
/home/gazzolapi/ros2_ws/install/miv_cluster/lib/python3.10/site-packages/miv_cluster/encoder_task_node.py
/home/gazzolapi/ros2_ws/install/miv_cluster/lib/python3.10/site-packages/miv_cluster/chamber_cali.py
/home/gazzolapi/ros2_ws/install/miv_cluster/lib/python3.10/site-packages/miv_cluster/scheduler_node.py
/home/gazzolapi/ros2_ws/install/miv_cluster/lib/python3.10/site-packages/miv_cluster/__init__.py
/home/gazzolapi/ros2_ws/install/miv_cluster/lib/python3.10/site-packages/miv_cluster/MEA_node.py
/home/gazzolapi/ros2_ws/install/miv_cluster/lib/python3.10/site-packages/miv_cluster/gripper_command_node.py
/home/gazzolapi/ros2_ws/install/miv_cluster/lib/python3.10/site-packages/miv_cluster/camera_server_node.py
/home/gazzolapi/ros2_ws/install/miv_cluster/lib/python3.10/site-packages/miv_cluster/gantry_client_node.py
/home/gazzolapi/ros2_ws/install/miv_cluster/lib/python3.10/site-packages/miv_cluster/gantry_server_node.py
/home/gazzolapi/ros2_ws/install/miv_cluster/lib/python3.10/site-packages/miv_cluster/gripper_task_node.py
/home/gazzolapi/ros2_ws/install/miv_cluster/lib/python3.10/site-packages/miv_cluster/submodules/flashLight.py
/home/gazzolapi/ros2_ws/install/miv_cluster/lib/python3.10/site-packages/miv_cluster/submodules/Limit_Switch.py
/home/gazzolapi/ros2_ws/install/miv_cluster/lib/python3.10/site-packages/miv_cluster/submodules/__init__.py
/home/gazzolapi/ros2_ws/install/miv_cluster/lib/python3.10/site-packages/miv_cluster/submodules/gripperPublisher.py
/home/gazzolapi/ros2_ws/install/miv_cluster/lib/python3.10/site-packages/miv_cluster/submodules/Stepper_Driver_TMC2209.py
/home/gazzolapi/ros2_ws/install/miv_cluster/lib/python3.10/site-packages/miv_cluster/submodules/Force_Sensor.py
/home/gazzolapi/ros2_ws/install/miv_cluster/lib/python3.10/site-packages/miv_cluster/submodules/cameraClient.py
/home/gazzolapi/ros2_ws/install/miv_cluster/lib/python3.10/site-packages/miv_cluster/submodules/gantryClient.py
/home/gazzolapi/ros2_ws/install/miv_cluster/lib/python3.10/site-packages/miv_cluster/__pycache__/run_node.cpython-310.pyc
/home/gazzolapi/ros2_ws/install/miv_cluster/lib/python3.10/site-packages/miv_cluster/__pycache__/encoder_task_node.cpython-310.pyc
/home/gazzolapi/ros2_ws/install/miv_cluster/lib/python3.10/site-packages/miv_cluster/__pycache__/chamber_cali.cpython-310.pyc
/home/gazzolapi/ros2_ws/install/miv_cluster/lib/python3.10/site-packages/miv_cluster/__pycache__/scheduler_node.cpython-310.pyc
/home/gazzolapi/ros2_ws/install/miv_cluster/lib/python3.10/site-packages/miv_cluster/__pycache__/__init__.cpython-310.pyc
/home/gazzolapi/ros2_ws/install/miv_cluster/lib/python3.10/site-packages/miv_cluster/__pycache__/MEA_node.cpython-310.pyc
/home/gazzolapi/ros2_ws/install/miv_cluster/lib/python3.10/site-packages/miv_cluster/__pycache__/gripper_command_node.cpython-310.pyc
/home/gazzolapi/ros2_ws/install/miv_cluster/lib/python3.10/site-packages/miv_cluster/__pycache__/camera_server_node.cpython-310.pyc
/home/gazzolapi/ros2_ws/install/miv_cluster/lib/python3.10/site-packages/miv_cluster/__pycache__/gantry_client_node.cpython-310.pyc
/home/gazzolapi/ros2_ws/install/miv_cluster/lib/python3.10/site-packages/miv_cluster/__pycache__/gantry_server_node.cpython-310.pyc
/home/gazzolapi/ros2_ws/install/miv_cluster/lib/python3.10/site-packages/miv_cluster/__pycache__/gripper_task_node.cpython-310.pyc
/home/gazzolapi/ros2_ws/install/miv_cluster/lib/python3.10/site-packages/miv_cluster/submodules/__pycache__/flashLight.cpython-310.pyc
/home/gazzolapi/ros2_ws/install/miv_cluster/lib/python3.10/site-packages/miv_cluster/submodules/__pycache__/Limit_Switch.cpython-310.pyc
/home/gazzolapi/ros2_ws/install/miv_cluster/lib/python3.10/site-packages/miv_cluster/submodules/__pycache__/__init__.cpython-310.pyc
/home/gazzolapi/ros2_ws/install/miv_cluster/lib/python3.10/site-packages/miv_cluster/submodules/__pycache__/gripperPublisher.cpython-310.pyc
/home/gazzolapi/ros2_ws/install/miv_cluster/lib/python3.10/site-packages/miv_cluster/submodules/__pycache__/Stepper_Driver_TMC2209.cpython-310.pyc
/home/gazzolapi/ros2_ws/install/miv_cluster/lib/python3.10/site-packages/miv_cluster/submodules/__pycache__/Force_Sensor.cpython-310.pyc
/home/gazzolapi/ros2_ws/install/miv_cluster/lib/python3.10/site-packages/miv_cluster/submodules/__pycache__/cameraClient.cpython-310.pyc
/home/gazzolapi/ros2_ws/install/miv_cluster/lib/python3.10/site-packages/miv_cluster/submodules/__pycache__/gantryClient.cpython-310.pyc
/home/gazzolapi/ros2_ws/install/miv_cluster/share/ament_index/resource_index/packages/miv_cluster
/home/gazzolapi/ros2_ws/install/miv_cluster/share/miv_cluster/package.xml
/home/gazzolapi/ros2_ws/install/miv_cluster/share/miv_cluster/launch/miv_cluster_launch.py
/home/gazzolapi/ros2_ws/install/miv_cluster/lib/python3.10/site-packages/miv_cluster-0.0.0-py3.10.egg-info/SOURCES.txt
/home/gazzolapi/ros2_ws/install/miv_cluster/lib/python3.10/site-packages/miv_cluster-0.0.0-py3.10.egg-info/entry_points.txt
/home/gazzolapi/ros2_ws/install/miv_cluster/lib/python3.10/site-packages/miv_cluster-0.0.0-py3.10.egg-info/zip-safe
/home/gazzolapi/ros2_ws/install/miv_cluster/lib/python3.10/site-packages/miv_cluster-0.0.0-py3.10.egg-info/PKG-INFO
/home/gazzolapi/ros2_ws/install/miv_cluster/lib/python3.10/site-packages/miv_cluster-0.0.0-py3.10.egg-info/dependency_links.txt
/home/gazzolapi/ros2_ws/install/miv_cluster/lib/python3.10/site-packages/miv_cluster-0.0.0-py3.10.egg-info/requires.txt
/home/gazzolapi/ros2_ws/install/miv_cluster/lib/python3.10/site-packages/miv_cluster-0.0.0-py3.10.egg-info/top_level.txt
/home/gazzolapi/ros2_ws/install/miv_cluster/lib/miv_cluster/MEA
/home/gazzolapi/ros2_ws/install/miv_cluster/lib/miv_cluster/chamber_cali
/home/gazzolapi/ros2_ws/install/miv_cluster/lib/miv_cluster/client
/home/gazzolapi/ros2_ws/install/miv_cluster/lib/miv_cluster/listener
/home/gazzolapi/ros2_ws/install/miv_cluster/lib/miv_cluster/listener_encoder
/home/gazzolapi/ros2_ws/install/miv_cluster/lib/miv_cluster/run_now
/home/gazzolapi/ros2_ws/install/miv_cluster/lib/miv_cluster/scheduler
/home/gazzolapi/ros2_ws/install/miv_cluster/lib/miv_cluster/server_camera
/home/gazzolapi/ros2_ws/install/miv_cluster/lib/miv_cluster/server_gantry
/home/gazzolapi/ros2_ws/install/miv_cluster/lib/miv_cluster/talker
